2026-02-20 23:44:47  [34m[1m==>(B[m [1mDownloaded 92MB in 4s. Extraction took 2s.(B[m
2026-02-20 23:44:51  [34m[1m==>(B[m [1mInstalling Python version 3.12.8...(B[m
2026-02-20 23:45:01  [34m[1m==>(B[m [1mUsing Python version 3.12.8 via environment variable PYTHON_VERSION(B[m
2026-02-20 23:45:01  [34m[1m==>(B[m [1mDocs on specifying a Python version: https://render.com/docs/python-version(B[m
2026-02-20 23:45:04  [34m[1m==>(B[m [1mUsing Poetry version 2.1.3 (default)(B[m
2026-02-20 23:45:04  [34m[1m==>(B[m [1mDocs on specifying a Poetry version: https://render.com/docs/poetry-version(B[m
2026-02-20 23:45:04  [34m[1m==>(B[m [1mRunning build command 'pip install --upgrade pip && pip install .'...(B[m
2026-02-20 23:45:05  Requirement already satisfied: pip in ./.venv/lib/python3.12/site-packages (24.3.1)
2026-02-20 23:45:05  Collecting pip
2026-02-20 23:45:05    Using cached pip-26.0.1-py3-none-any.whl.metadata (4.7 kB)
2026-02-20 23:45:05  Using cached pip-26.0.1-py3-none-any.whl (1.8 MB)
2026-02-20 23:45:05  Installing collected packages: pip
2026-02-20 23:45:05    Attempting uninstall: pip
2026-02-20 23:45:05      Found existing installation: pip 24.3.1
2026-02-20 23:45:05      Uninstalling pip-24.3.1:
2026-02-20 23:45:05        Successfully uninstalled pip-24.3.1
2026-02-20 23:45:06  Successfully installed pip-26.0.1
2026-02-20 23:45:07  Processing ./.
2026-02-20 23:45:07    Installing build dependencies: started
2026-02-20 23:45:09    Getting requirements to build wheel: finished with status 'done'
2026-02-20 23:45:09    Preparing metadata (pyproject.toml): started
2026-02-20 23:45:09    Preparing metadata (pyproject.toml): finished with status 'done'
2026-02-20 23:45:09  Collecting fastapi (from vozlia-ng==0.0.0)
2026-02-20 23:45:09    Using cached fastapi-0.129.0-py3-none-any.whl.metadata (30 kB)
2026-02-20 23:45:09  Collecting uvicorn[standard] (from vozlia-ng==0.0.0)
2026-02-20 23:45:09    Using cached uvicorn-0.41.0-py3-none-any.whl.metadata (6.7 kB)
2026-02-20 23:45:09  Collecting pydantic (from vozlia-ng==0.0.0)
2026-02-20 23:45:09    Using cached pydantic-2.12.5-py3-none-any.whl.metadata (90 kB)
2026-02-20 23:45:09  Collecting starlette<1.0.0,>=0.40.0 (from fastapi->vozlia-ng==0.0.0)
2026-02-20 23:45:09    Using cached starlette-0.52.1-py3-none-any.whl.metadata (6.3 kB)
2026-02-20 23:45:09  Collecting typing-extensions>=4.8.0 (from fastapi->vozlia-ng==0.0.0)
2026-02-20 23:45:09    Using cached typing_extensions-4.15.0-py3-none-any.whl.metadata (3.3 kB)
2026-02-20 23:45:09  Collecting typing-inspection>=0.4.2 (from fastapi->vozlia-ng==0.0.0)
2026-02-20 23:45:09    Using cached typing_inspection-0.4.2-py3-none-any.whl.metadata (2.6 kB)
2026-02-20 23:45:10  Collecting annotated-doc>=0.0.2 (from fastapi->vozlia-ng==0.0.0)
2026-02-20 23:45:10    Using cached annotated_doc-0.0.4-py3-none-any.whl.metadata (6.6 kB)
2026-02-20 23:45:10  Collecting anyio<5,>=3.6.2 (from starlette<1.0.0,>=0.40.0->fastapi->vozlia-ng==0.0.0)
2026-02-20 23:45:10    Using cached anyio-4.12.1-py3-none-any.whl.metadata (4.3 kB)
2026-02-20 23:45:10  Collecting idna>=2.8 (from anyio<5,>=3.6.2->starlette<1.0.0,>=0.40.0->fastapi->vozlia-ng==0.0.0)
2026-02-20 23:45:10    Using cached idna-3.11-py3-none-any.whl.metadata (8.4 kB)
2026-02-20 23:45:10  Collecting annotated-types>=0.6.0 (from pydantic->vozlia-ng==0.0.0)
2026-02-20 23:45:10    Using cached annotated_types-0.7.0-py3-none-any.whl.metadata (15 kB)
2026-02-20 23:45:10  Collecting pydantic-core==2.41.5 (from pydantic->vozlia-ng==0.0.0)
2026-02-20 23:45:10    Using cached pydantic_core-2.41.5-cp312-cp312-manylinux_2_17_x86_64.manylinux2014_x86_64.whl.metadata (7.3 kB)
2026-02-20 23:45:10  Collecting click>=7.0 (from uvicorn[standard]->vozlia-ng==0.0.0)
2026-02-20 23:45:10    Using cached click-8.3.1-py3-none-any.whl.metadata (2.6 kB)
2026-02-20 23:45:10  Collecting h11>=0.8 (from uvicorn[standard]->vozlia-ng==0.0.0)
2026-02-20 23:45:10    Using cached h11-0.16.0-py3-none-any.whl.metadata (8.3 kB)
2026-02-20 23:45:10  Collecting httptools>=0.6.3 (from uvicorn[standard]->vozlia-ng==0.0.0)
2026-02-20 23:45:10    Using cached httptools-0.7.1-cp312-cp312-manylinux1_x86_64.manylinux_2_28_x86_64.manylinux_2_5_x86_64.whl.metadata (3.5 kB)
2026-02-20 23:45:10  Collecting python-dotenv>=0.13 (from uvicorn[standard]->vozlia-ng==0.0.0)
2026-02-20 23:45:10    Using cached python_dotenv-1.2.1-py3-none-any.whl.metadata (25 kB)
2026-02-20 23:45:10  Collecting pyyaml>=5.1 (from uvicorn[standard]->vozlia-ng==0.0.0)
2026-02-20 23:45:10    Using cached pyyaml-6.0.3-cp312-cp312-manylinux2014_x86_64.manylinux_2_17_x86_64.manylinux_2_28_x86_64.whl.metadata (2.4 kB)
2026-02-20 23:45:10  Collecting uvloop>=0.15.1 (from uvicorn[standard]->vozlia-ng==0.0.0)
2026-02-20 23:45:10    Using cached uvloop-0.22.1-cp312-cp312-manylinux2014_x86_64.manylinux_2_17_x86_64.manylinux_2_28_x86_64.whl.metadata (4.9 kB)
2026-02-20 23:45:11  Collecting websockets>=10.4 (from uvicorn[standard]->vozlia-ng==0.0.0)
2026-02-20 23:45:11    Using cached websockets-16.0-cp312-cp312-manylinux1_x86_64.manylinux_2_28_x86_64.manylinux_2_5_x86_64.whl.metadata (6.8 kB)
2026-02-20 23:45:11  Using cached fastapi-0.129.0-py3-none-any.whl (102 kB)
2026-02-20 23:45:11  Using cached starlette-0.52.1-py3-none-any.whl (74 kB)
2026-02-20 23:45:11  Using cached anyio-4.12.1-py3-none-any.whl (113 kB)
2026-02-20 23:45:11  Using cached annotated_doc-0.0.4-py3-none-any.whl (5.3 kB)
2026-02-20 23:45:11  Using cached idna-3.11-py3-none-any.whl (71 kB)
2026-02-20 23:45:11  Using cached pydantic-2.12.5-py3-none-any.whl (463 kB)
2026-02-20 23:45:11  Using cached pydantic_core-2.41.5-cp312-cp312-manylinux_2_17_x86_64.manylinux2014_x86_64.whl (2.1 MB)
2026-02-20 23:45:11  Using cached annotated_types-0.7.0-py3-none-any.whl (13 kB)
2026-02-20 23:45:11  Using cached typing_extensions-4.15.0-py3-none-any.whl (44 kB)
2026-02-20 23:45:11  Using cached typing_inspection-0.4.2-py3-none-any.whl (14 kB)
2026-02-20 23:45:11  Using cached uvicorn-0.41.0-py3-none-any.whl (68 kB)
2026-02-20 23:45:11  Using cached click-8.3.1-py3-none-any.whl (108 kB)
2026-02-20 23:45:11  Using cached h11-0.16.0-py3-none-any.whl (37 kB)
2026-02-20 23:45:11  Using cached httptools-0.7.1-cp312-cp312-manylinux1_x86_64.manylinux_2_28_x86_64.manylinux_2_5_x86_64.whl (517 kB)
2026-02-20 23:45:11  Using cached python_dotenv-1.2.1-py3-none-any.whl (21 kB)
2026-02-20 23:45:11  Using cached pyyaml-6.0.3-cp312-cp312-manylinux2014_x86_64.manylinux_2_17_x86_64.manylinux_2_28_x86_64.whl (807 kB)
2026-02-20 23:45:11  Using cached uvloop-0.22.1-cp312-cp312-manylinux2014_x86_64.manylinux_2_17_x86_64.manylinux_2_28_x86_64.whl (4.4 MB)
2026-02-20 23:45:11  Using cached watchfiles-1.1.1-cp312-cp312-manylinux_2_17_x86_64.manylinux2014_x86_64.whl (456 kB)
2026-02-20 23:45:11  Using cached websockets-16.0-cp312-cp312-manylinux1_x86_64.manylinux_2_28_x86_64.manylinux_2_5_x86_64.whl (184 kB)
2026-02-20 23:45:11  Building wheels for collected packages: vozlia-ng
2026-02-20 23:45:11    Building wheel for vozlia-ng (pyproject.toml): started
2026-02-20 23:45:11    Building wheel for vozlia-ng (pyproject.toml): finished with status 'done'
2026-02-20 23:45:11    Created wheel for vozlia-ng: filename=vozlia_ng-0.0.0-py3-none-any.whl size=60166 sha256=0415402e0a9f7360064dca41559cedfca193f866b61e6f6ce57e51a146a6146c
2026-02-20 23:45:11    Stored in directory: /tmp/pip-ephem-wheel-cache-p4zhyiyj/wheels/5a/f8/e0/58e42082500d50320d06a4baa628d7286902f98f440588a8e8
2026-02-20 23:45:11  Successfully built vozlia-ng
2026-02-20 23:45:11  Installing collected packages: websockets, uvloop, typing-extensions, pyyaml, python-dotenv, idna, httptools, h11, click, annotated-types, annotated-doc, uvicorn, typing-inspection, pydantic-core, anyio, watchfiles, starlette, pydantic, fastapi, vozlia-ng
2026-02-20 23:45:12  
2026-02-20 23:45:12  Successfully installed annotated-doc-0.0.4 annotated-types-0.7.0 anyio-4.12.1 click-8.3.1 fastapi-0.129.0 h11-0.16.0 httptools-0.7.1 idna-3.11 pydantic-2.12.5 pydantic-core-2.41.5 python-dotenv-1.2.1 pyyaml-6.0.3 starlette-0.52.1 typing-extensions-4.15.0 typing-inspection-0.4.2 uvicorn-0.41.0 uvloop-0.22.1 vozlia-ng-0.0.0 watchfiles-1.1.1 websockets-16.0
2026-02-20 23:45:14  [34;1m==>[0;22m [1mUploading build...[22m
2026-02-20 23:45:33  [0;34m[1m==> [0m[1mDeploying...[0m
2026-02-20 23:45:34  [0;34m[1m==> [0m[1mSetting WEB_CONCURRENCY=1 by default, based on available CPUs in the instance[0m
2026-02-20 23:47:07  [32m[1m==>(B[m [1mRunning 'uvicorn main:app --host 0.0.0.0 --port $PORT'(B[m
2026-02-20 23:47:08  2026-02-20 23:47:08,105 INFO vozlia_ng FEATURES_DISCOVERED keys=['access_gate', 'admin_quality', 'business_profile', 'business_templates', 'ocr_ingest', 'owner_analytics_query', 'owner_events_api', 'owner_inbox', 'owner_insights', 'postcall_extract', 'postcall_notify_sms', 'postcall_reconcile', 'sample', 'shared_line_access', 'voice_flow_a', 'whatsapp_in']
2026-02-20 23:47:08  2026-02-20 23:47:08,105 INFO vozlia_ng FEATURES_ENABLED keys=['owner_events_api', 'postcall_extract', 'shared_line_access', 'voice_flow_a']
2026-02-20 23:47:08  INFO:     Started server process [54]
2026-02-20 23:47:08  INFO:     Waiting for application startup.
2026-02-20 23:47:08  INFO:     Application startup complete.
2026-02-20 23:47:08  INFO:     Uvicorn running on http://0.0.0.0:10000 (Press CTRL+C to quit)
2026-02-20 23:47:08  INFO:     127.0.0.1:37048 - "HEAD / HTTP/1.1" 405 Method Not Allowed
2026-02-20 23:47:14  [0;32m[1m==> [0m[1mYour service is live 🎉[0m
2026-02-20 23:47:14  [0;32m[1m==> [0m[1m[0m
2026-02-20 23:47:14  [0;32m[1m==> [0m[1m///////////////////////////////////////////////////////////[0m
2026-02-20 23:47:14  [0;32m[1m==> [0m[1m[0m
2026-02-20 23:47:14  [0;32m[1m==> [0m[1mAvailable at your primary URL https://vozlia-ng.onrender.com[0m
2026-02-20 23:47:14  [0;32m[1m==> [0m[1m[0m
2026-02-20 23:47:14  [0;32m[1m==> [0m[1m///////////////////////////////////////////////////////////[0m
2026-02-20 23:47:18  [34m[1m==>(B[m [1mDownloading cache...(B[m
2026-02-20 23:47:18  [34m[1m==>(B[m [1mCloning from https://github.com/vozila/NG(B[m
2026-02-20 23:47:19  [34m[1m==>(B[m [1mChecking out commit bfbe311624099bcda55e2ca79361dd5af22a16d1 in branch main(B[m
2026-02-20 23:47:23  [34m[1m==>(B[m [1mDownloaded 92MB in 3s. Extraction took 2s.(B[m
2026-02-20 23:47:28  [34m[1m==>(B[m [1mInstalling Python version 3.12.8...(B[m
capture_render_logs: render query failed; retrying without advancing cursor start=2026-02-20T23:47:40Z end=2026-02-20T23:47:44Z
Error: error listing logs: received response code 500: internal server error
Usage:
  render logs [flags]
Flags:
      --direction enum        The direction to query the logs. Can be 'forward' or 'backward' (default )
      --end time              The end time of the logs to query (default )
  -h, --help                  help for logs
      --host strings          A list of comma separated hosts to query
      --instance strings      A list of comma separated instance IDs to query
      --level enum            A list of comma separated log levels to query
      --limit int             The maximum number of logs to return (default 100)
      --method enum           A list of comma separated HTTP methods to query
      --path strings          A list of comma separated paths to query
  -r, --resources strings     A list of comma separated resource IDs to query. Required in non-interactive mode.
      --start time            The start time of the logs to query (default )
      --status-code strings   A list of comma separated status codes to query
      --tail                  Stream new logs
      --text strings          A list of comma separated strings to search for in the logs
      --type enum             A list of comma separated log types to query
Global Flags:
      --confirm         set to skip confirmation prompts
  -o, --output string   interactive, json, yaml, or text (default "interactive")
2026-02-20 23:47:42  [34m[1m==>(B[m [1mUsing Poetry version 2.1.3 (default)(B[m
2026-02-20 23:47:42  [34m[1m==>(B[m [1mDocs on specifying a Poetry version: https://render.com/docs/poetry-version(B[m
2026-02-20 23:47:42  [34m[1m==>(B[m [1mRunning build command 'pip install --upgrade pip && pip install .'...(B[m
2026-02-20 23:47:42  Requirement already satisfied: pip in ./.venv/lib/python3.12/site-packages (24.3.1)
2026-02-20 23:47:43  Collecting pip
2026-02-20 23:47:43    Using cached pip-26.0.1-py3-none-any.whl.metadata (4.7 kB)
2026-02-20 23:47:43  Using cached pip-26.0.1-py3-none-any.whl (1.8 MB)
2026-02-20 23:47:43  Installing collected packages: pip
2026-02-20 23:47:43    Attempting uninstall: pip
2026-02-20 23:47:43      Found existing installation: pip 24.3.1
2026-02-20 23:47:43      Uninstalling pip-24.3.1:
2026-02-20 23:47:43        Successfully uninstalled pip-24.3.1
2026-02-20 23:47:44  Successfully installed pip-26.0.1
2026-02-20 23:47:45  Processing ./.
2026-02-20 23:47:45    Installing build dependencies: started
2026-02-20 23:47:46    Installing build dependencies: finished with status 'done'
2026-02-20 23:47:46    Getting requirements to build wheel: started
2026-02-20 23:47:46    Getting requirements to build wheel: finished with status 'done'
2026-02-20 23:47:46    Preparing metadata (pyproject.toml): started
2026-02-20 23:47:47    Preparing metadata (pyproject.toml): finished with status 'done'
2026-02-20 23:47:47  Collecting fastapi (from vozlia-ng==0.0.0)
2026-02-20 23:47:47    Using cached fastapi-0.129.0-py3-none-any.whl.metadata (30 kB)
2026-02-20 23:47:47  Collecting uvicorn[standard] (from vozlia-ng==0.0.0)
2026-02-20 23:47:47    Using cached uvicorn-0.41.0-py3-none-any.whl.metadata (6.7 kB)
2026-02-20 23:47:48  Collecting pydantic (from vozlia-ng==0.0.0)
2026-02-20 23:47:48    Using cached pydantic-2.12.5-py3-none-any.whl.metadata (90 kB)
2026-02-20 23:47:48  Collecting starlette<1.0.0,>=0.40.0 (from fastapi->vozlia-ng==0.0.0)
2026-02-20 23:47:48    Using cached starlette-0.52.1-py3-none-any.whl.metadata (6.3 kB)
2026-02-20 23:47:48  Collecting typing-extensions>=4.8.0 (from fastapi->vozlia-ng==0.0.0)
2026-02-20 23:47:48    Using cached typing_extensions-4.15.0-py3-none-any.whl.metadata (3.3 kB)
2026-02-20 23:47:48  Collecting typing-inspection>=0.4.2 (from fastapi->vozlia-ng==0.0.0)
2026-02-20 23:47:48    Using cached typing_inspection-0.4.2-py3-none-any.whl.metadata (2.6 kB)
2026-02-20 23:47:48  Collecting annotated-doc>=0.0.2 (from fastapi->vozlia-ng==0.0.0)
2026-02-20 23:47:48    Using cached annotated_doc-0.0.4-py3-none-any.whl.metadata (6.6 kB)
2026-02-20 23:47:48  Collecting anyio<5,>=3.6.2 (from starlette<1.0.0,>=0.40.0->fastapi->vozlia-ng==0.0.0)
2026-02-20 23:47:48    Using cached anyio-4.12.1-py3-none-any.whl.metadata (4.3 kB)
2026-02-20 23:47:48  Collecting idna>=2.8 (from anyio<5,>=3.6.2->starlette<1.0.0,>=0.40.0->fastapi->vozlia-ng==0.0.0)
2026-02-20 23:47:48    Using cached idna-3.11-py3-none-any.whl.metadata (8.4 kB)
2026-02-20 23:47:48  Collecting annotated-types>=0.6.0 (from pydantic->vozlia-ng==0.0.0)
2026-02-20 23:47:48    Using cached annotated_types-0.7.0-py3-none-any.whl.metadata (15 kB)
2026-02-20 23:47:49  Collecting pydantic-core==2.41.5 (from pydantic->vozlia-ng==0.0.0)
2026-02-20 23:47:49    Using cached pydantic_core-2.41.5-cp312-cp312-manylinux_2_17_x86_64.manylinux2014_x86_64.whl.metadata (7.3 kB)
2026-02-20 23:47:49  Collecting click>=7.0 (from uvicorn[standard]->vozlia-ng==0.0.0)
2026-02-20 23:47:49    Using cached click-8.3.1-py3-none-any.whl.metadata (2.6 kB)
2026-02-20 23:47:49  Collecting h11>=0.8 (from uvicorn[standard]->vozlia-ng==0.0.0)
2026-02-20 23:47:49    Using cached h11-0.16.0-py3-none-any.whl.metadata (8.3 kB)
2026-02-20 23:47:49  Collecting httptools>=0.6.3 (from uvicorn[standard]->vozlia-ng==0.0.0)
2026-02-20 23:47:49    Using cached httptools-0.7.1-cp312-cp312-manylinux1_x86_64.manylinux_2_28_x86_64.manylinux_2_5_x86_64.whl.metadata (3.5 kB)
2026-02-20 23:47:49  Collecting python-dotenv>=0.13 (from uvicorn[standard]->vozlia-ng==0.0.0)
2026-02-20 23:47:49    Using cached python_dotenv-1.2.1-py3-none-any.whl.metadata (25 kB)
2026-02-20 23:47:49  Collecting pyyaml>=5.1 (from uvicorn[standard]->vozlia-ng==0.0.0)
2026-02-20 23:47:49    Using cached pyyaml-6.0.3-cp312-cp312-manylinux2014_x86_64.manylinux_2_17_x86_64.manylinux_2_28_x86_64.whl.metadata (2.4 kB)
2026-02-20 23:47:50  Collecting uvloop>=0.15.1 (from uvicorn[standard]->vozlia-ng==0.0.0)
2026-02-20 23:47:50    Using cached uvloop-0.22.1-cp312-cp312-manylinux2014_x86_64.manylinux_2_17_x86_64.manylinux_2_28_x86_64.whl.metadata (4.9 kB)
2026-02-20 23:47:50  Collecting watchfiles>=0.20 (from uvicorn[standard]->vozlia-ng==0.0.0)
2026-02-20 23:47:50    Using cached watchfiles-1.1.1-cp312-cp312-manylinux_2_17_x86_64.manylinux2014_x86_64.whl.metadata (4.9 kB)
2026-02-20 23:47:50  Collecting websockets>=10.4 (from uvicorn[standard]->vozlia-ng==0.0.0)
2026-02-20 23:47:50    Using cached websockets-16.0-cp312-cp312-manylinux1_x86_64.manylinux_2_28_x86_64.manylinux_2_5_x86_64.whl.metadata (6.8 kB)
2026-02-20 23:47:50  Using cached fastapi-0.129.0-py3-none-any.whl (102 kB)
2026-02-20 23:47:50  Using cached starlette-0.52.1-py3-none-any.whl (74 kB)
2026-02-20 23:47:50  Using cached anyio-4.12.1-py3-none-any.whl (113 kB)
2026-02-20 23:47:50  Using cached annotated_doc-0.0.4-py3-none-any.whl (5.3 kB)
2026-02-20 23:47:50  Using cached idna-3.11-py3-none-any.whl (71 kB)
2026-02-20 23:47:50  Using cached pydantic-2.12.5-py3-none-any.whl (463 kB)
2026-02-20 23:47:50  Using cached pydantic_core-2.41.5-cp312-cp312-manylinux_2_17_x86_64.manylinux2014_x86_64.whl (2.1 MB)
2026-02-20 23:47:50  Using cached annotated_types-0.7.0-py3-none-any.whl (13 kB)
2026-02-20 23:47:50  Using cached typing_extensions-4.15.0-py3-none-any.whl (44 kB)
2026-02-20 23:47:50  Using cached typing_inspection-0.4.2-py3-none-any.whl (14 kB)
2026-02-20 23:47:50  Using cached uvicorn-0.41.0-py3-none-any.whl (68 kB)
2026-02-20 23:47:50  Using cached click-8.3.1-py3-none-any.whl (108 kB)
2026-02-20 23:47:50  Using cached h11-0.16.0-py3-none-any.whl (37 kB)
2026-02-20 23:47:50  Using cached httptools-0.7.1-cp312-cp312-manylinux1_x86_64.manylinux_2_28_x86_64.manylinux_2_5_x86_64.whl (517 kB)
2026-02-20 23:47:50  Using cached python_dotenv-1.2.1-py3-none-any.whl (21 kB)
2026-02-20 23:47:50  Using cached pyyaml-6.0.3-cp312-cp312-manylinux2014_x86_64.manylinux_2_17_x86_64.manylinux_2_28_x86_64.whl (807 kB)
2026-02-20 23:47:50  Using cached uvloop-0.22.1-cp312-cp312-manylinux2014_x86_64.manylinux_2_17_x86_64.manylinux_2_28_x86_64.whl (4.4 MB)
2026-02-20 23:47:50  Using cached watchfiles-1.1.1-cp312-cp312-manylinux_2_17_x86_64.manylinux2014_x86_64.whl (456 kB)
2026-02-20 23:47:50  Using cached websockets-16.0-cp312-cp312-manylinux1_x86_64.manylinux_2_28_x86_64.manylinux_2_5_x86_64.whl (184 kB)
2026-02-20 23:47:50  Building wheels for collected packages: vozlia-ng
2026-02-20 23:47:50    Building wheel for vozlia-ng (pyproject.toml): started
2026-02-20 23:47:50    Building wheel for vozlia-ng (pyproject.toml): finished with status 'done'
2026-02-20 23:47:50    Created wheel for vozlia-ng: filename=vozlia_ng-0.0.0-py3-none-any.whl size=60166 sha256=1f09713c2b84b6ad25b55e5ad759e9b8cdd435814977edc44c8900153ff48435
2026-02-20 23:47:50    Stored in directory: /tmp/pip-ephem-wheel-cache-45d6na_c/wheels/5a/f8/e0/58e42082500d50320d06a4baa628d7286902f98f440588a8e8
2026-02-20 23:47:50  Successfully built vozlia-ng
2026-02-20 23:47:50  Installing collected packages: websockets, uvloop, typing-extensions, pyyaml, python-dotenv, idna, httptools, h11, click, annotated-types, annotated-doc, uvicorn, typing-inspection, pydantic-core, anyio, watchfiles, starlette, pydantic, fastapi, vozlia-ng
2026-02-20 23:47:52  
2026-02-20 23:47:52  Successfully installed annotated-doc-0.0.4 annotated-types-0.7.0 anyio-4.12.1 click-8.3.1 fastapi-0.129.0 h11-0.16.0 httptools-0.7.1 idna-3.11 pydantic-2.12.5 pydantic-core-2.41.5 python-dotenv-1.2.1 pyyaml-6.0.3 starlette-0.52.1 typing-extensions-4.15.0 typing-inspection-0.4.2 uvicorn-0.41.0 uvloop-0.22.1 vozlia-ng-0.0.0 watchfiles-1.1.1 websockets-16.0
2026-02-20 23:47:55  [34;1m==>[0;22m [1mUploading build...[22m
2026-02-20 23:48:17  [0;34m[1m==> [0m[1mDeploying...[0m
2026-02-20 23:48:17  [0;34m[1m==> [0m[1mSetting WEB_CONCURRENCY=1 by default, based on available CPUs in the instance[0m
2026-02-20 23:48:22  INFO:     Shutting down
2026-02-20 23:48:22  INFO:     Waiting for application shutdown.
2026-02-20 23:48:22  INFO:     Application shutdown complete.
2026-02-20 23:48:22  INFO:     Finished server process [54]
2026-02-20 23:48:57  2026-02-20 23:48:57,227 INFO vozlia_ng FEATURES_DISCOVERED keys=['access_gate', 'admin_quality', 'business_profile', 'business_templates', 'ocr_ingest', 'owner_analytics_query', 'owner_events_api', 'owner_inbox', 'owner_insights', 'postcall_extract', 'postcall_notify_sms', 'postcall_reconcile', 'sample', 'shared_line_access', 'voice_flow_a', 'whatsapp_in']
2026-02-20 23:48:57  2026-02-20 23:48:57,227 INFO vozlia_ng FEATURES_ENABLED keys=['owner_events_api', 'postcall_extract', 'shared_line_access', 'voice_flow_a']
2026-02-20 23:48:57  INFO:     Started server process [54]
2026-02-20 23:48:57  INFO:     Waiting for application startup.
2026-02-20 23:48:57  INFO:     Application startup complete.
2026-02-20 23:48:57  INFO:     Uvicorn running on http://0.0.0.0:10000 (Press CTRL+C to quit)
2026-02-20 23:48:57  INFO:     127.0.0.1:57556 - "HEAD / HTTP/1.1" 405 Method Not Allowed
2026-02-20 23:49:05  [0;32m[1m==> [0m[1mYour service is live 🎉[0m
2026-02-20 23:49:05  [0;32m[1m==> [0m[1m[0m
2026-02-20 23:49:05  [0;32m[1m==> [0m[1m///////////////////////////////////////////////////////////[0m
2026-02-20 23:49:05  [0;32m[1m==> [0m[1m[0m
2026-02-20 23:49:05  [0;32m[1m==> [0m[1mAvailable at your primary URL https://vozlia-ng.onrender.com[0m
2026-02-20 23:49:05  [0;32m[1m==> [0m[1m[0m
2026-02-20 23:49:05  [0;32m[1m==> [0m[1m///////////////////////////////////////////////////////////[0m
2026-02-20 23:49:05  clientIP="34.83.77.94" requestID="3a0705cd-f7fc-434e" responseTimeMS=3 responseBytes=223158 userAgent="Go-http-client/2.0"
