2026-02-20 19:42:51  [34m[1m==>(B[m [1mDownloaded 92MB in 5s. Extraction took 2s.(B[m
2026-02-20 19:42:56  [34m[1m==>(B[m [1mInstalling Python version 3.12.8...(B[m
2026-02-20 19:43:16  Successfully installed pip-26.0.1
2026-02-20 19:43:16  Processing ./.
2026-02-20 19:43:16    Installing build dependencies: started
2026-02-20 19:43:18    Getting requirements to build wheel: finished with status 'done'
2026-02-20 19:43:18    Preparing metadata (pyproject.toml): started
2026-02-20 19:43:18    Preparing metadata (pyproject.toml): finished with status 'done'
2026-02-20 19:43:18  Collecting fastapi (from vozlia-ng==0.0.0)
2026-02-20 19:43:18    Using cached fastapi-0.129.0-py3-none-any.whl.metadata (30 kB)
2026-02-20 19:43:18  Collecting uvicorn[standard] (from vozlia-ng==0.0.0)
2026-02-20 19:43:18    Using cached uvicorn-0.41.0-py3-none-any.whl.metadata (6.7 kB)
2026-02-20 19:43:19  Collecting pydantic (from vozlia-ng==0.0.0)
2026-02-20 19:43:19    Using cached pydantic-2.12.5-py3-none-any.whl.metadata (90 kB)
2026-02-20 19:43:19  Collecting starlette<1.0.0,>=0.40.0 (from fastapi->vozlia-ng==0.0.0)
2026-02-20 19:43:19    Using cached starlette-0.52.1-py3-none-any.whl.metadata (6.3 kB)
2026-02-20 19:43:19  Collecting typing-extensions>=4.8.0 (from fastapi->vozlia-ng==0.0.0)
2026-02-20 19:43:19    Using cached typing_extensions-4.15.0-py3-none-any.whl.metadata (3.3 kB)
2026-02-20 19:43:19  Collecting typing-inspection>=0.4.2 (from fastapi->vozlia-ng==0.0.0)
2026-02-20 19:43:19    Using cached typing_inspection-0.4.2-py3-none-any.whl.metadata (2.6 kB)
2026-02-20 19:43:19  Collecting annotated-doc>=0.0.2 (from fastapi->vozlia-ng==0.0.0)
2026-02-20 19:43:19    Using cached annotated_doc-0.0.4-py3-none-any.whl.metadata (6.6 kB)
2026-02-20 19:43:19  Collecting anyio<5,>=3.6.2 (from starlette<1.0.0,>=0.40.0->fastapi->vozlia-ng==0.0.0)
2026-02-20 19:43:19    Using cached anyio-4.12.1-py3-none-any.whl.metadata (4.3 kB)
2026-02-20 19:43:19  Collecting idna>=2.8 (from anyio<5,>=3.6.2->starlette<1.0.0,>=0.40.0->fastapi->vozlia-ng==0.0.0)
2026-02-20 19:43:19    Using cached idna-3.11-py3-none-any.whl.metadata (8.4 kB)
2026-02-20 19:43:19  Collecting annotated-types>=0.6.0 (from pydantic->vozlia-ng==0.0.0)
2026-02-20 19:43:19    Using cached annotated_types-0.7.0-py3-none-any.whl.metadata (15 kB)
2026-02-20 19:43:20  Collecting pydantic-core==2.41.5 (from pydantic->vozlia-ng==0.0.0)
2026-02-20 19:43:20    Using cached pydantic_core-2.41.5-cp312-cp312-manylinux_2_17_x86_64.manylinux2014_x86_64.whl.metadata (7.3 kB)
2026-02-20 19:43:20  Collecting click>=7.0 (from uvicorn[standard]->vozlia-ng==0.0.0)
2026-02-20 19:43:20    Using cached click-8.3.1-py3-none-any.whl.metadata (2.6 kB)
2026-02-20 19:43:20  Collecting h11>=0.8 (from uvicorn[standard]->vozlia-ng==0.0.0)
2026-02-20 19:43:20    Using cached h11-0.16.0-py3-none-any.whl.metadata (8.3 kB)
2026-02-20 19:43:20  Collecting httptools>=0.6.3 (from uvicorn[standard]->vozlia-ng==0.0.0)
2026-02-20 19:43:20    Using cached httptools-0.7.1-cp312-cp312-manylinux1_x86_64.manylinux_2_28_x86_64.manylinux_2_5_x86_64.whl.metadata (3.5 kB)
2026-02-20 19:43:20  Collecting python-dotenv>=0.13 (from uvicorn[standard]->vozlia-ng==0.0.0)
2026-02-20 19:43:20    Using cached python_dotenv-1.2.1-py3-none-any.whl.metadata (25 kB)
2026-02-20 19:43:20  Collecting pyyaml>=5.1 (from uvicorn[standard]->vozlia-ng==0.0.0)
2026-02-20 19:43:20    Using cached pyyaml-6.0.3-cp312-cp312-manylinux2014_x86_64.manylinux_2_17_x86_64.manylinux_2_28_x86_64.whl.metadata (2.4 kB)
2026-02-20 19:43:20  Collecting uvloop>=0.15.1 (from uvicorn[standard]->vozlia-ng==0.0.0)
2026-02-20 19:43:20    Using cached uvloop-0.22.1-cp312-cp312-manylinux2014_x86_64.manylinux_2_17_x86_64.manylinux_2_28_x86_64.whl.metadata (4.9 kB)
2026-02-20 19:43:20  Collecting watchfiles>=0.20 (from uvicorn[standard]->vozlia-ng==0.0.0)
2026-02-20 19:43:20    Using cached watchfiles-1.1.1-cp312-cp312-manylinux_2_17_x86_64.manylinux2014_x86_64.whl.metadata (4.9 kB)
2026-02-20 19:43:20  Collecting websockets>=10.4 (from uvicorn[standard]->vozlia-ng==0.0.0)
2026-02-20 19:43:20    Using cached websockets-16.0-cp312-cp312-manylinux1_x86_64.manylinux_2_28_x86_64.manylinux_2_5_x86_64.whl.metadata (6.8 kB)
2026-02-20 19:43:20  Using cached fastapi-0.129.0-py3-none-any.whl (102 kB)
2026-02-20 19:43:20  Using cached starlette-0.52.1-py3-none-any.whl (74 kB)
2026-02-20 19:43:20  Using cached anyio-4.12.1-py3-none-any.whl (113 kB)
2026-02-20 19:43:20  Using cached annotated_doc-0.0.4-py3-none-any.whl (5.3 kB)
2026-02-20 19:43:20  Using cached idna-3.11-py3-none-any.whl (71 kB)
2026-02-20 19:43:20  Using cached pydantic-2.12.5-py3-none-any.whl (463 kB)
2026-02-20 19:43:20  Using cached pydantic_core-2.41.5-cp312-cp312-manylinux_2_17_x86_64.manylinux2014_x86_64.whl (2.1 MB)
2026-02-20 19:43:20  Using cached annotated_types-0.7.0-py3-none-any.whl (13 kB)
2026-02-20 19:43:20  Using cached typing_extensions-4.15.0-py3-none-any.whl (44 kB)
2026-02-20 19:43:20  Using cached typing_inspection-0.4.2-py3-none-any.whl (14 kB)
2026-02-20 19:43:20  Using cached uvicorn-0.41.0-py3-none-any.whl (68 kB)
2026-02-20 19:43:20  Using cached click-8.3.1-py3-none-any.whl (108 kB)
2026-02-20 19:43:20  Using cached h11-0.16.0-py3-none-any.whl (37 kB)
2026-02-20 19:43:20  Using cached httptools-0.7.1-cp312-cp312-manylinux1_x86_64.manylinux_2_28_x86_64.manylinux_2_5_x86_64.whl (517 kB)
2026-02-20 19:43:20  Using cached python_dotenv-1.2.1-py3-none-any.whl (21 kB)
2026-02-20 19:43:20  Using cached pyyaml-6.0.3-cp312-cp312-manylinux2014_x86_64.manylinux_2_17_x86_64.manylinux_2_28_x86_64.whl (807 kB)
2026-02-20 19:43:20  Using cached uvloop-0.22.1-cp312-cp312-manylinux2014_x86_64.manylinux_2_17_x86_64.manylinux_2_28_x86_64.whl (4.4 MB)
2026-02-20 19:43:20  Using cached watchfiles-1.1.1-cp312-cp312-manylinux_2_17_x86_64.manylinux2014_x86_64.whl (456 kB)
2026-02-20 19:43:20  Using cached websockets-16.0-cp312-cp312-manylinux1_x86_64.manylinux_2_28_x86_64.manylinux_2_5_x86_64.whl (184 kB)
2026-02-20 19:43:20  Building wheels for collected packages: vozlia-ng
2026-02-20 19:43:20    Building wheel for vozlia-ng (pyproject.toml): started
2026-02-20 19:43:21    Building wheel for vozlia-ng (pyproject.toml): finished with status 'done'
2026-02-20 19:43:21    Created wheel for vozlia-ng: filename=vozlia_ng-0.0.0-py3-none-any.whl size=52931 sha256=f7718640f9089214d42b1e6841d76f8c226df2027fdfebdd625489a71b807f1e
2026-02-20 19:43:21    Stored in directory: /tmp/pip-ephem-wheel-cache-2xnpp0_q/wheels/5a/f8/e0/58e42082500d50320d06a4baa628d7286902f98f440588a8e8
2026-02-20 19:43:21  Successfully built vozlia-ng
2026-02-20 19:43:21  Installing collected packages: websockets, uvloop, typing-extensions, pyyaml, python-dotenv, idna, httptools, h11, click, annotated-types, annotated-doc, uvicorn, typing-inspection, pydantic-core, anyio, watchfiles, starlette, pydantic, fastapi, vozlia-ng
2026-02-20 19:43:22  
2026-02-20 19:43:22  Successfully installed annotated-doc-0.0.4 annotated-types-0.7.0 anyio-4.12.1 click-8.3.1 fastapi-0.129.0 h11-0.16.0 httptools-0.7.1 idna-3.11 pydantic-2.12.5 pydantic-core-2.41.5 python-dotenv-1.2.1 pyyaml-6.0.3 starlette-0.52.1 typing-extensions-4.15.0 typing-inspection-0.4.2 uvicorn-0.41.0 uvloop-0.22.1 vozlia-ng-0.0.0 watchfiles-1.1.1 websockets-16.0
2026-02-20 19:44:15  [34;1m==>[0;22m [1mUploaded in 11.2s. Compression took 33.0s[22m
2026-02-20 19:44:15  [32;1m==>[0;22m [1mBuild successful 🎉[22m
2026-02-20 19:44:24  [0;34m[1m==> [0m[1mDeploying...[0m
2026-02-20 19:44:24  [0;34m[1m==> [0m[1mSetting WEB_CONCURRENCY=1 by default, based on available CPUs in the instance[0m
2026-02-20 19:44:52  2026-02-20 19:44:52,896 INFO vozlia_ng FEATURES_DISCOVERED keys=['access_gate', 'admin_quality', 'owner_analytics_query', 'owner_events_api', 'owner_inbox', 'owner_insights', 'postcall_extract', 'postcall_notify_sms', 'postcall_reconcile', 'sample', 'shared_line_access', 'voice_flow_a', 'whatsapp_in']
2026-02-20 19:44:52  2026-02-20 19:44:52,896 INFO vozlia_ng FEATURES_ENABLED keys=['owner_events_api', 'postcall_extract', 'shared_line_access', 'voice_flow_a']
2026-02-20 19:44:52  INFO:     Started server process [55]
2026-02-20 19:44:52  INFO:     Waiting for application startup.
2026-02-20 19:44:52  INFO:     Application startup complete.
2026-02-20 19:44:52  INFO:     Uvicorn running on http://0.0.0.0:10000 (Press CTRL+C to quit)
2026-02-20 19:44:53  INFO:     127.0.0.1:60778 - "HEAD / HTTP/1.1" 405 Method Not Allowed
2026-02-20 19:44:56  [0;32m[1m==> [0m[1mYour service is live 🎉[0m
2026-02-20 19:44:56  [0;32m[1m==> [0m[1m[0m
2026-02-20 19:44:56  [0;32m[1m==> [0m[1m///////////////////////////////////////////////////////////[0m
2026-02-20 19:44:56  [0;32m[1m==> [0m[1m[0m
2026-02-20 19:44:56  [0;32m[1m==> [0m[1mAvailable at your primary URL https://vozlia-ng.onrender.com[0m
2026-02-20 19:44:56  [0;32m[1m==> [0m[1m[0m
2026-02-20 19:44:56  [0;32m[1m==> [0m[1m///////////////////////////////////////////////////////////[0m
2026-02-20 19:44:56  clientIP="34.83.77.94" requestID="f8966098-ab09-4f40" responseTimeMS=65 responseBytes=208 userAgent="Go-http-client/2.0"
