2026-02-21 00:38:22  [34m[1m==>(B[m [1mDownloading cache...(B[m
2026-02-21 00:38:22  [34m[1m==>(B[m [1mCloning from https://github.com/vozila/NG(B[m
2026-02-21 00:38:22  [34m[1m==>(B[m [1mChecking out commit 108716e9ba24f05a03eb61e3fb0f56654f83031a in branch main(B[m
2026-02-21 00:38:29  [34m[1m==>(B[m [1mDownloaded 92MB in 5s. Extraction took 2s.(B[m
2026-02-21 00:38:33  [34m[1m==>(B[m [1mInstalling Python version 3.12.8...(B[m
2026-02-21 00:38:43  [34m[1m==>(B[m [1mUsing Python version 3.12.8 via environment variable PYTHON_VERSION(B[m
2026-02-21 00:38:43  [34m[1m==>(B[m [1mDocs on specifying a Python version: https://render.com/docs/python-version(B[m
2026-02-21 00:38:46  [34m[1m==>(B[m [1mUsing Poetry version 2.1.3 (default)(B[m
2026-02-21 00:38:46  [34m[1m==>(B[m [1mDocs on specifying a Poetry version: https://render.com/docs/poetry-version(B[m
2026-02-21 00:38:47  [34m[1m==>(B[m [1mRunning build command 'pip install --upgrade pip && pip install .'...(B[m
2026-02-21 00:38:47  Requirement already satisfied: pip in ./.venv/lib/python3.12/site-packages (24.3.1)
2026-02-21 00:38:47  Collecting pip
2026-02-21 00:38:47    Using cached pip-26.0.1-py3-none-any.whl.metadata (4.7 kB)
2026-02-21 00:38:47  Using cached pip-26.0.1-py3-none-any.whl (1.8 MB)
2026-02-21 00:38:47  Installing collected packages: pip
2026-02-21 00:38:47    Attempting uninstall: pip
2026-02-21 00:38:47      Found existing installation: pip 24.3.1
2026-02-21 00:38:47      Uninstalling pip-24.3.1:
2026-02-21 00:38:47        Successfully uninstalled pip-24.3.1
2026-02-21 00:38:48  Successfully installed pip-26.0.1
2026-02-21 00:38:49  Processing ./.
2026-02-21 00:38:49    Installing build dependencies: started
2026-02-21 00:38:50    Installing build dependencies: finished with status 'done'
2026-02-21 00:38:50    Getting requirements to build wheel: started
2026-02-21 00:38:51    Getting requirements to build wheel: finished with status 'done'
2026-02-21 00:38:51    Preparing metadata (pyproject.toml): started
2026-02-21 00:38:51    Preparing metadata (pyproject.toml): finished with status 'done'
2026-02-21 00:38:51  Collecting fastapi (from vozlia-ng==0.0.0)
2026-02-21 00:38:51    Using cached fastapi-0.129.0-py3-none-any.whl.metadata (30 kB)
2026-02-21 00:38:51  Collecting uvicorn[standard] (from vozlia-ng==0.0.0)
2026-02-21 00:38:51    Using cached uvicorn-0.41.0-py3-none-any.whl.metadata (6.7 kB)
2026-02-21 00:38:51  Collecting pydantic (from vozlia-ng==0.0.0)
2026-02-21 00:38:51    Using cached pydantic-2.12.5-py3-none-any.whl.metadata (90 kB)
2026-02-21 00:38:52  Collecting starlette<1.0.0,>=0.40.0 (from fastapi->vozlia-ng==0.0.0)
2026-02-21 00:38:52    Using cached starlette-0.52.1-py3-none-any.whl.metadata (6.3 kB)
2026-02-21 00:38:52  Collecting typing-extensions>=4.8.0 (from fastapi->vozlia-ng==0.0.0)
2026-02-21 00:38:52    Using cached typing_extensions-4.15.0-py3-none-any.whl.metadata (3.3 kB)
2026-02-21 00:38:52  Collecting typing-inspection>=0.4.2 (from fastapi->vozlia-ng==0.0.0)
2026-02-21 00:38:52    Using cached typing_inspection-0.4.2-py3-none-any.whl.metadata (2.6 kB)
2026-02-21 00:38:52  Collecting annotated-doc>=0.0.2 (from fastapi->vozlia-ng==0.0.0)
2026-02-21 00:38:52    Using cached annotated_doc-0.0.4-py3-none-any.whl.metadata (6.6 kB)
2026-02-21 00:38:52  Collecting anyio<5,>=3.6.2 (from starlette<1.0.0,>=0.40.0->fastapi->vozlia-ng==0.0.0)
2026-02-21 00:38:52    Using cached anyio-4.12.1-py3-none-any.whl.metadata (4.3 kB)
2026-02-21 00:38:52  Collecting idna>=2.8 (from anyio<5,>=3.6.2->starlette<1.0.0,>=0.40.0->fastapi->vozlia-ng==0.0.0)
2026-02-21 00:38:52    Using cached idna-3.11-py3-none-any.whl.metadata (8.4 kB)
2026-02-21 00:38:52  Collecting annotated-types>=0.6.0 (from pydantic->vozlia-ng==0.0.0)
2026-02-21 00:38:52    Using cached annotated_types-0.7.0-py3-none-any.whl.metadata (15 kB)
2026-02-21 00:38:52  Collecting pydantic-core==2.41.5 (from pydantic->vozlia-ng==0.0.0)
2026-02-21 00:38:52    Using cached pydantic_core-2.41.5-cp312-cp312-manylinux_2_17_x86_64.manylinux2014_x86_64.whl.metadata (7.3 kB)
2026-02-21 00:38:52  Collecting click>=7.0 (from uvicorn[standard]->vozlia-ng==0.0.0)
2026-02-21 00:38:52    Using cached click-8.3.1-py3-none-any.whl.metadata (2.6 kB)
2026-02-21 00:38:52  Collecting h11>=0.8 (from uvicorn[standard]->vozlia-ng==0.0.0)
2026-02-21 00:38:52    Using cached h11-0.16.0-py3-none-any.whl.metadata (8.3 kB)
2026-02-21 00:38:52  Collecting httptools>=0.6.3 (from uvicorn[standard]->vozlia-ng==0.0.0)
2026-02-21 00:38:52    Using cached httptools-0.7.1-cp312-cp312-manylinux1_x86_64.manylinux_2_28_x86_64.manylinux_2_5_x86_64.whl.metadata (3.5 kB)
2026-02-21 00:38:52  Collecting python-dotenv>=0.13 (from uvicorn[standard]->vozlia-ng==0.0.0)
2026-02-21 00:38:52    Using cached python_dotenv-1.2.1-py3-none-any.whl.metadata (25 kB)
2026-02-21 00:38:53  Collecting pyyaml>=5.1 (from uvicorn[standard]->vozlia-ng==0.0.0)
2026-02-21 00:38:53    Using cached pyyaml-6.0.3-cp312-cp312-manylinux2014_x86_64.manylinux_2_17_x86_64.manylinux_2_28_x86_64.whl.metadata (2.4 kB)
2026-02-21 00:38:53  Collecting uvloop>=0.15.1 (from uvicorn[standard]->vozlia-ng==0.0.0)
2026-02-21 00:38:53    Using cached uvloop-0.22.1-cp312-cp312-manylinux2014_x86_64.manylinux_2_17_x86_64.manylinux_2_28_x86_64.whl.metadata (4.9 kB)
2026-02-21 00:38:53  Collecting watchfiles>=0.20 (from uvicorn[standard]->vozlia-ng==0.0.0)
2026-02-21 00:38:53    Using cached watchfiles-1.1.1-cp312-cp312-manylinux_2_17_x86_64.manylinux2014_x86_64.whl.metadata (4.9 kB)
2026-02-21 00:38:53  Collecting websockets>=10.4 (from uvicorn[standard]->vozlia-ng==0.0.0)
2026-02-21 00:38:53    Using cached websockets-16.0-cp312-cp312-manylinux1_x86_64.manylinux_2_28_x86_64.manylinux_2_5_x86_64.whl.metadata (6.8 kB)
2026-02-21 00:38:53  Using cached fastapi-0.129.0-py3-none-any.whl (102 kB)
2026-02-21 00:38:53  Using cached starlette-0.52.1-py3-none-any.whl (74 kB)
2026-02-21 00:38:53  Using cached anyio-4.12.1-py3-none-any.whl (113 kB)
2026-02-21 00:38:53  Using cached annotated_doc-0.0.4-py3-none-any.whl (5.3 kB)
2026-02-21 00:38:53  Using cached idna-3.11-py3-none-any.whl (71 kB)
2026-02-21 00:38:53  Using cached pydantic-2.12.5-py3-none-any.whl (463 kB)
2026-02-21 00:38:53  Using cached pydantic_core-2.41.5-cp312-cp312-manylinux_2_17_x86_64.manylinux2014_x86_64.whl (2.1 MB)
2026-02-21 00:38:53  Using cached annotated_types-0.7.0-py3-none-any.whl (13 kB)
2026-02-21 00:38:53  Using cached typing_extensions-4.15.0-py3-none-any.whl (44 kB)
2026-02-21 00:38:53  Using cached typing_inspection-0.4.2-py3-none-any.whl (14 kB)
2026-02-21 00:38:53  Using cached uvicorn-0.41.0-py3-none-any.whl (68 kB)
2026-02-21 00:38:53  Using cached click-8.3.1-py3-none-any.whl (108 kB)
2026-02-21 00:38:53  Using cached h11-0.16.0-py3-none-any.whl (37 kB)
2026-02-21 00:38:53  Using cached httptools-0.7.1-cp312-cp312-manylinux1_x86_64.manylinux_2_28_x86_64.manylinux_2_5_x86_64.whl (517 kB)
2026-02-21 00:38:53  Using cached python_dotenv-1.2.1-py3-none-any.whl (21 kB)
2026-02-21 00:38:53  Using cached pyyaml-6.0.3-cp312-cp312-manylinux2014_x86_64.manylinux_2_17_x86_64.manylinux_2_28_x86_64.whl (807 kB)
2026-02-21 00:38:53  Using cached uvloop-0.22.1-cp312-cp312-manylinux2014_x86_64.manylinux_2_17_x86_64.manylinux_2_28_x86_64.whl (4.4 MB)
2026-02-21 00:38:53  Using cached watchfiles-1.1.1-cp312-cp312-manylinux_2_17_x86_64.manylinux2014_x86_64.whl (456 kB)
2026-02-21 00:38:53  Using cached websockets-16.0-cp312-cp312-manylinux1_x86_64.manylinux_2_28_x86_64.manylinux_2_5_x86_64.whl (184 kB)
2026-02-21 00:38:53  Building wheels for collected packages: vozlia-ng
2026-02-21 00:38:53    Building wheel for vozlia-ng (pyproject.toml): started
2026-02-21 00:38:53    Building wheel for vozlia-ng (pyproject.toml): finished with status 'done'
2026-02-21 00:38:53    Created wheel for vozlia-ng: filename=vozlia_ng-0.0.0-py3-none-any.whl size=65968 sha256=ffc6388b1e1d1b4c2bc1c62b0c511b22dcfe6e107a0a351e4af21a0c9c23f58a
2026-02-21 00:38:53    Stored in directory: /tmp/pip-ephem-wheel-cache-h88ekfx7/wheels/5a/f8/e0/58e42082500d50320d06a4baa628d7286902f98f440588a8e8
2026-02-21 00:38:53  Successfully built vozlia-ng
2026-02-21 00:38:53  Installing collected packages: websockets, uvloop, typing-extensions, pyyaml, python-dotenv, idna, httptools, h11, click, annotated-types, annotated-doc, uvicorn, typing-inspection, pydantic-core, anyio, watchfiles, starlette, pydantic, fastapi, vozlia-ng
2026-02-21 00:38:56  
2026-02-21 00:38:56  Successfully installed annotated-doc-0.0.4 annotated-types-0.7.0 anyio-4.12.1 click-8.3.1 fastapi-0.129.0 h11-0.16.0 httptools-0.7.1 idna-3.11 pydantic-2.12.5 pydantic-core-2.41.5 python-dotenv-1.2.1 pyyaml-6.0.3 starlette-0.52.1 typing-extensions-4.15.0 typing-inspection-0.4.2 uvicorn-0.41.0 uvloop-0.22.1 vozlia-ng-0.0.0 watchfiles-1.1.1 websockets-16.0
2026-02-21 00:38:59  [34;1m==>[0;22m [1mUploading build...[22m
2026-02-21 00:39:19  [0;34m[1m==> [0m[1mDeploying...[0m
2026-02-21 00:39:19  [0;34m[1m==> [0m[1mSetting WEB_CONCURRENCY=1 by default, based on available CPUs in the instance[0m
2026-02-21 00:40:10  [32m[1m==>(B[m [1mRunning 'uvicorn main:app --host 0.0.0.0 --port $PORT'(B[m
2026-02-21 00:40:11  2026-02-21 00:40:11,980 INFO vozlia_ng FEATURES_DISCOVERED keys=['access_gate', 'admin_quality', 'business_profile', 'business_templates', 'ocr_ingest', 'owner_analytics_query', 'owner_events_api', 'owner_inbox', 'owner_inbox_actions', 'owner_insights', 'postcall_extract', 'postcall_notify_email', 'postcall_notify_sms', 'postcall_reconcile', 'sample', 'shared_line_access', 'voice_flow_a', 'whatsapp_in']
2026-02-21 00:40:11  2026-02-21 00:40:11,980 INFO vozlia_ng FEATURES_ENABLED keys=['owner_events_api', 'postcall_extract', 'shared_line_access', 'voice_flow_a']
2026-02-21 00:40:11  INFO:     Started server process [55]
2026-02-21 00:40:11  INFO:     Waiting for application startup.
2026-02-21 00:40:11  INFO:     Application startup complete.
2026-02-21 00:40:11  INFO:     Uvicorn running on http://0.0.0.0:10000 (Press CTRL+C to quit)
2026-02-21 00:40:12  INFO:     127.0.0.1:47650 - "HEAD / HTTP/1.1" 405 Method Not Allowed
2026-02-21 00:40:16  [0;32m[1m==> [0m[1mYour service is live 🎉[0m
2026-02-21 00:40:16  [0;32m[1m==> [0m[1m[0m
2026-02-21 00:40:16  [0;32m[1m==> [0m[1m///////////////////////////////////////////////////////////[0m
2026-02-21 00:40:16  [0;32m[1m==> [0m[1m[0m
2026-02-21 00:40:16  [0;32m[1m==> [0m[1mAvailable at your primary URL https://vozlia-ng.onrender.com[0m
2026-02-21 00:40:16  [0;32m[1m==> [0m[1m[0m
2026-02-21 00:40:16  [0;32m[1m==> [0m[1m///////////////////////////////////////////////////////////[0m
2026-02-21 00:40:16  clientIP="35.197.118.178" requestID="590b5027-7472-42f4" responseTimeMS=143 responseBytes=223158 userAgent="Go-http-client/2.0"
