2026-02-20 23:11:09  [34m[1m==>(B[m [1mDownloaded 92MB in 5s. Extraction took 2s.(B[m
2026-02-20 23:11:13  [34m[1m==>(B[m [1mInstalling Python version 3.12.8...(B[m
2026-02-20 23:11:34    Building wheel for vozlia-ng (pyproject.toml): finished with status 'done'
2026-02-20 23:11:34    Created wheel for vozlia-ng: filename=vozlia_ng-0.0.0-py3-none-any.whl size=60166 sha256=3d36b7fdb100a19064f1e8ba0c6a0eaaf80f91f286d5a170475458f06e2411a3
2026-02-20 23:11:34    Stored in directory: /tmp/pip-ephem-wheel-cache-m9c16spw/wheels/5a/f8/e0/58e42082500d50320d06a4baa628d7286902f98f440588a8e8
2026-02-20 23:11:34  Successfully built vozlia-ng
2026-02-20 23:11:34  Installing collected packages: websockets, uvloop, typing-extensions, pyyaml, python-dotenv, idna, httptools, h11, click, annotated-types, annotated-doc, uvicorn, typing-inspection, pydantic-core, anyio, watchfiles, starlette, pydantic, fastapi, vozlia-ng
2026-02-20 23:11:58  [0;34m[1m==> [0m[1mDeploying...[0m
2026-02-20 23:11:59  [0;34m[1m==> [0m[1mSetting WEB_CONCURRENCY=1 by default, based on available CPUs in the instance[0m
2026-02-20 23:12:26  [32m[1m==>(B[m [1mRunning 'uvicorn main:app --host 0.0.0.0 --port $PORT'(B[m
2026-02-20 23:12:27  2026-02-20 23:12:27,297 INFO vozlia_ng FEATURES_DISCOVERED keys=['access_gate', 'admin_quality', 'business_profile', 'business_templates', 'ocr_ingest', 'owner_analytics_query', 'owner_events_api', 'owner_inbox', 'owner_insights', 'postcall_extract', 'postcall_notify_sms', 'postcall_reconcile', 'sample', 'shared_line_access', 'voice_flow_a', 'whatsapp_in']
2026-02-20 23:12:27  2026-02-20 23:12:27,297 INFO vozlia_ng FEATURES_ENABLED keys=['owner_events_api', 'postcall_extract', 'shared_line_access', 'voice_flow_a']
2026-02-20 23:12:27  INFO:     Started server process [53]
2026-02-20 23:12:27  INFO:     Waiting for application startup.
2026-02-20 23:12:27  INFO:     Application startup complete.
2026-02-20 23:12:27  INFO:     Uvicorn running on http://0.0.0.0:10000 (Press CTRL+C to quit)
2026-02-20 23:12:27  INFO:     127.0.0.1:51492 - "HEAD / HTTP/1.1" 405 Method Not Allowed
2026-02-20 23:12:30  [0;32m[1m==> [0m[1mYour service is live 🎉[0m
2026-02-20 23:12:30  [0;32m[1m==> [0m[1m[0m
2026-02-20 23:12:30  [0;32m[1m==> [0m[1m///////////////////////////////////////////////////////////[0m
2026-02-20 23:12:30  [0;32m[1m==> [0m[1m[0m
2026-02-20 23:12:30  [0;32m[1m==> [0m[1mAvailable at your primary URL https://vozlia-ng.onrender.com[0m
2026-02-20 23:12:30  [0;32m[1m==> [0m[1m[0m
2026-02-20 23:12:30  [0;32m[1m==> [0m[1m///////////////////////////////////////////////////////////[0m
2026-02-20 23:12:31  clientIP="34.82.84.118" requestID="6f6a3a52-fd60-4da3" responseTimeMS=26 responseBytes=208 userAgent="Go-http-client/2.0"
2026-02-20 23:12:31  INFO:     34.82.84.118:0 - "GET / HTTP/1.1" 200 OK
